2023-12-20 08:26:46,321 INFO a.t.UserTests [main] ******************** Creating User *****************
2023-12-20 08:26:49,296 INFO a.t.UserTests [main] ******************** User is created *****************
2023-12-20 08:26:49,307 INFO a.t.UserTests [main] ******************** Reading User info *****************
2023-12-20 08:26:50,478 INFO a.t.UserTests [main] ******************** Updating User data *****************
2023-12-20 08:26:52,677 INFO a.t.UserTests [main] ******************** Deleting User *****************
2023-12-20 21:46:13,799 INFO a.t.UserTests [main] ******************** Creating User *****************
2023-12-20 21:46:17,894 INFO a.t.UserTests [main] ******************** User is created *****************
2023-12-20 21:46:17,917 INFO a.t.UserTests [main] ******************** Reading User info *****************
2023-12-20 21:46:19,461 INFO a.t.UserTests [main] ******************** Updating User data *****************
2023-12-20 21:46:22,521 INFO a.t.UserTests [main] ******************** Deleting User *****************
2023-12-20 21:57:44,433 INFO a.t.UserTests [main] ******************** Creating User *****************
2023-12-20 21:57:48,120 INFO a.t.UserTests [main] ******************** User is created *****************
2023-12-20 21:57:48,141 INFO a.t.UserTests [main] ******************** Reading User info *****************
2023-12-20 21:57:49,660 INFO a.t.UserTests [main] ******************** Updating User data *****************
2023-12-20 21:57:52,732 INFO a.t.UserTests [main] ******************** Deleting User *****************
2023-12-20 21:58:41,045 INFO a.t.UserTests [main] ******************** Creating User *****************
2023-12-20 21:58:44,661 INFO a.t.UserTests [main] ******************** User is created *****************
2023-12-20 21:58:44,687 INFO a.t.UserTests [main] ******************** Reading User info *****************
2023-12-20 21:58:46,302 INFO a.t.UserTests [main] ******************** Updating User data *****************
2023-12-20 21:58:49,380 INFO a.t.UserTests [main] ******************** Deleting User *****************
2023-12-20 21:59:51,837 INFO a.t.UserTests [main] ******************** Creating User *****************
2023-12-20 21:59:55,189 INFO a.t.UserTests [main] ******************** User is created *****************
2023-12-20 21:59:55,204 INFO a.t.UserTests [main] ******************** Reading User info *****************
2023-12-20 21:59:58,582 INFO a.t.UserTests [main] ******************** Updating User data *****************
2023-12-20 22:00:01,656 INFO a.t.UserTests [main] ******************** Deleting User *****************
